{
  "data": {
    "correlation_id": "1C7D63BB-98C8-4124-A699-6E01F0E49C9B",
    "deny_lines": [],
    "end": "2025-12-24 19:50:52",
    "last": null,
    "layer_attribution": {
      "seatbelt": "observer_only"
    },
    "log_error": null,
    "log_rc": 0,
    "log_stderr": "",
    "log_stdout": "Timestamp                       (process)[PID]    ",
    "observed_deny": false,
    "observed_lines": 1,
    "pid": 68054,
    "plan_id": "entitlement-diff:ej",
    "predicate": "((eventMessage CONTAINS[c] \"Sandbox: ProbeService_net_client(68054)\") OR ((eventMessage CONTAINS[c] \"deny\") AND (eventMessage CONTAINS[c] \"68054\")))",
    "process_name": "ProbeService_net_client",
    "row_id": "net_client.net_client.capabilities_snapshot",
    "start": "2025-12-24 19:50:47"
  },
  "generated_at_unix_ms": 1766634650391,
  "kind": "sandbox_log_observer_report",
  "result": {
    "errno": null,
    "error": null,
    "exit_code": 0,
    "normalized_outcome": null,
    "ok": true,
    "rc": null,
    "stderr": null,
    "stdout": null
  },
  "schema_version": 1
}
