{
  "data": {
    "correlation_id": "F683E8F0-E493-4539-9C31-EB53B3F89885",
    "deny_lines": [],
    "end": "2025-12-24 19:50:53",
    "last": null,
    "layer_attribution": {
      "seatbelt": "observer_only"
    },
    "log_error": null,
    "log_rc": 0,
    "log_stderr": "",
    "log_stdout": "Timestamp                       (process)[PID]    ",
    "observed_deny": false,
    "observed_lines": 1,
    "pid": 68070,
    "plan_id": "entitlement-diff:ej",
    "predicate": "((eventMessage CONTAINS[c] \"Sandbox: ProbeService_net_client(68070)\") OR ((eventMessage CONTAINS[c] \"deny\") AND (eventMessage CONTAINS[c] \"68070\")))",
    "process_name": "ProbeService_net_client",
    "row_id": "net_client.net_client.tcp_connect",
    "start": "2025-12-24 19:50:49"
  },
  "generated_at_unix_ms": 1766634652065,
  "kind": "sandbox_log_observer_report",
  "result": {
    "errno": null,
    "error": null,
    "exit_code": 0,
    "normalized_outcome": null,
    "ok": true,
    "rc": null,
    "stderr": null,
    "stdout": null
  },
  "schema_version": 1
}
