Filtering the log data using "(processIdentifier == 0 AND senderImagePath CONTAINS "/Sandbox") OR subsystem == "com.apple.sandbox.reporting" OR sender == "Sandbox""
[{
  "timezoneName" : "",
  "messageType" : "Error",
  "eventType" : "logEvent",
  "source" : null,
  "formatString" : "%s",
  "userID" : 0,
  "activityIdentifier" : 0,
  "subsystem" : "",
  "category" : "",
  "threadID" : 20366791,
  "senderImageUUID" : "274C4541-1E1C-3002-9418-7532DA123B8B",
  "backtrace" : {
    "frames" : [
      {
        "imageOffset" : 149364,
        "imageUUID" : "274C4541-1E1C-3002-9418-7532DA123B8B"
      }
    ]
  },
  "bootUUID" : "",
  "processImagePath" : "\/kernel",
  "senderImagePath" : "\/System\/Library\/Extensions\/Sandbox.kext\/Contents\/MacOS\/Sandbox",
  "timestamp" : "2025-12-24 21:06:35.041663-0800",
  "machTimestamp" : 80754196197403,
  "eventMessage" : "Sandbox: Family(85509) deny(1) mach-lookup com.apple.contactsd.persistence",
  "processImageUUID" : "81DAE146-7A58-3A72-839B-E0840E1CC03A",
  "traceID" : 639168443584516,
  "processID" : 0,
  "senderProgramCounter" : 149364,
  "parentActivityIdentifier" : 0
},{
  "timezoneName" : "",
  "messageType" : "Error",
  "eventType" : "logEvent",
  "source" : null,
  "formatString" : "%s",
  "userID" : 0,
  "activityIdentifier" : 0,
  "subsystem" : "",
  "category" : "",
  "threadID" : 20371540,
  "senderImageUUID" : "274C4541-1E1C-3002-9418-7532DA123B8B",
  "backtrace" : {
    "frames" : [
      {
        "imageOffset" : 149364,
        "imageUUID" : "274C4541-1E1C-3002-9418-7532DA123B8B"
      }
    ]
  },
  "bootUUID" : "",
  "processImagePath" : "\/kernel",
  "senderImagePath" : "\/System\/Library\/Extensions\/Sandbox.kext\/Contents\/MacOS\/Sandbox",
  "timestamp" : "2025-12-24 21:06:35.094583-0800",
  "machTimestamp" : 80754197467507,
  "eventMessage" : "1 duplicate report for Sandbox: Family(85509) deny(1) mach-lookup com.apple.contactsd.persistence",
  "processImageUUID" : "81DAE146-7A58-3A72-839B-E0840E1CC03A",
  "traceID" : 639168443584516,
  "processID" : 0,
  "senderProgramCounter" : 149364,
  "parentActivityIdentifier" : 0
},{
  "timezoneName" : "",
  "messageType" : "Error",
  "eventType" : "logEvent",
  "source" : null,
  "formatString" : "%s",
  "userID" : 0,
  "activityIdentifier" : 0,
  "subsystem" : "",
  "category" : "",
  "threadID" : 20371540,
  "senderImageUUID" : "274C4541-1E1C-3002-9418-7532DA123B8B",
  "backtrace" : {
    "frames" : [
      {
        "imageOffset" : 149364,
        "imageUUID" : "274C4541-1E1C-3002-9418-7532DA123B8B"
      }
    ]
  },
  "bootUUID" : "",
  "processImagePath" : "\/kernel",
  "senderImagePath" : "\/System\/Library\/Extensions\/Sandbox.kext\/Contents\/MacOS\/Sandbox",
  "timestamp" : "2025-12-24 21:06:35.094600-0800",
  "machTimestamp" : 80754197467914,
  "eventMessage" : "Sandbox: imagent(768) deny(1) mach-lookup com.apple.contactsd.persistence",
  "processImageUUID" : "81DAE146-7A58-3A72-839B-E0840E1CC03A",
  "traceID" : 639168443584516,
  "processID" : 0,
  "senderProgramCounter" : 149364,
  "parentActivityIdentifier" : 0
},{
  "timezoneName" : "",
  "messageType" : "Debug",
  "eventType" : "logEvent",
  "source" : null,
  "formatString" : "Sandbox apply: %s[%d] %s",
  "userID" : 0,
  "activityIdentifier" : 0,
  "subsystem" : "",
  "category" : "",
  "threadID" : 20372446,
  "senderImageUUID" : "274C4541-1E1C-3002-9418-7532DA123B8B",
  "backtrace" : {
    "frames" : [
      {
        "imageOffset" : 44236,
        "imageUUID" : "274C4541-1E1C-3002-9418-7532DA123B8B"
      }
    ]
  },
  "bootUUID" : "",
  "processImagePath" : "\/kernel",
  "senderImagePath" : "\/System\/Library\/Extensions\/Sandbox.kext\/Contents\/MacOS\/Sandbox",
  "timestamp" : "2025-12-24 21:06:35.383711-0800",
  "machTimestamp" : 80754204406728,
  "eventMessage" : "Sandbox apply: mdworker_shared[86991] <bytes>",
  "processImageUUID" : "81DAE146-7A58-3A72-839B-E0840E1CC03A",
  "traceID" : 632202006626820,
  "processID" : 0,
  "senderProgramCounter" : 44236,
  "parentActivityIdentifier" : 0
},{
  "timezoneName" : "",
  "messageType" : "Debug",
  "eventType" : "logEvent",
  "source" : null,
  "formatString" : "Sandbox apply: %s[%d] %s",
  "userID" : 0,
  "activityIdentifier" : 0,
  "subsystem" : "",
  "category" : "",
  "threadID" : 20372447,
  "senderImageUUID" : "274C4541-1E1C-3002-9418-7532DA123B8B",
  "backtrace" : {
    "frames" : [
      {
        "imageOffset" : 44236,
        "imageUUID" : "274C4541-1E1C-3002-9418-7532DA123B8B"
      }
    ]
  },
  "bootUUID" : "",
  "processImagePath" : "\/kernel",
  "senderImagePath" : "\/System\/Library\/Extensions\/Sandbox.kext\/Contents\/MacOS\/Sandbox",
  "timestamp" : "2025-12-24 21:06:35.389828-0800",
  "machTimestamp" : 80754204553541,
  "eventMessage" : "Sandbox apply: mdworker_shared[86992] <bytes>",
  "processImageUUID" : "81DAE146-7A58-3A72-839B-E0840E1CC03A",
  "traceID" : 632202006626820,
  "processID" : 0,
  "senderProgramCounter" : 44236,
  "parentActivityIdentifier" : 0
},{
  "timezoneName" : "",
  "messageType" : "Debug",
  "eventType" : "logEvent",
  "source" : null,
  "formatString" : "Sandbox apply: %s[%d] %s",
  "userID" : 0,
  "activityIdentifier" : 0,
  "subsystem" : "",
  "category" : "",
  "threadID" : 20372450,
  "senderImageUUID" : "274C4541-1E1C-3002-9418-7532DA123B8B",
  "backtrace" : {
    "frames" : [
      {
        "imageOffset" : 44236,
        "imageUUID" : "274C4541-1E1C-3002-9418-7532DA123B8B"
      }
    ]
  },
  "bootUUID" : "",
  "processImagePath" : "\/kernel",
  "senderImagePath" : "\/System\/Library\/Extensions\/Sandbox.kext\/Contents\/MacOS\/Sandbox",
  "timestamp" : "2025-12-24 21:06:35.390050-0800",
  "machTimestamp" : 80754204558859,
  "eventMessage" : "Sandbox apply: mdworker_shared[86990] <bytes>",
  "processImageUUID" : "81DAE146-7A58-3A72-839B-E0840E1CC03A",
  "traceID" : 632202006626820,
  "processID" : 0,
  "senderProgramCounter" : 44236,
  "parentActivityIdentifier" : 0
},{
  "timezoneName" : "",
  "messageType" : "Debug",
  "eventType" : "logEvent",
  "source" : null,
  "formatString" : "Sandbox apply: %s[%d] %s",
  "userID" : 0,
  "activityIdentifier" : 0,
  "subsystem" : "",
  "category" : "",
  "threadID" : 20372462,
  "senderImageUUID" : "274C4541-1E1C-3002-9418-7532DA123B8B",
  "backtrace" : {
    "frames" : [
      {
        "imageOffset" : 44236,
        "imageUUID" : "274C4541-1E1C-3002-9418-7532DA123B8B"
      }
    ]
  },
  "bootUUID" : "",
  "processImagePath" : "\/kernel",
  "senderImagePath" : "\/System\/Library\/Extensions\/Sandbox.kext\/Contents\/MacOS\/Sandbox",
  "timestamp" : "2025-12-24 21:06:35.431390-0800",
  "machTimestamp" : 80754205551060,
  "eventMessage" : "Sandbox apply: sandbox-exec[86995] <bytes>",
  "processImageUUID" : "81DAE146-7A58-3A72-839B-E0840E1CC03A",
  "traceID" : 632202006626820,
  "processID" : 0,
  "senderProgramCounter" : 44236,
  "parentActivityIdentifier" : 0
},{
  "timezoneName" : "",
  "messageType" : "Debug",
  "eventType" : "logEvent",
  "source" : null,
  "formatString" : "%s: invalidating %p",
  "userID" : 0,
  "activityIdentifier" : 0,
  "subsystem" : "",
  "category" : "",
  "threadID" : 20371545,
  "senderImageUUID" : "274C4541-1E1C-3002-9418-7532DA123B8B",
  "backtrace" : {
    "frames" : [
      {
        "imageOffset" : 155544,
        "imageUUID" : "274C4541-1E1C-3002-9418-7532DA123B8B"
      }
    ]
  },
  "bootUUID" : "",
  "processImagePath" : "\/kernel",
  "senderImagePath" : "\/System\/Library\/Extensions\/Sandbox.kext\/Contents\/MacOS\/Sandbox",
  "timestamp" : "2025-12-24 21:06:35.431449-0800",
  "machTimestamp" : 80754205552460,
  "eventMessage" : "filecache_entry_invalidate: invalidating <private>",
  "processImageUUID" : "81DAE146-7A58-3A72-839B-E0840E1CC03A",
  "traceID" : 639512040964612,
  "processID" : 0,
  "senderProgramCounter" : 155544,
  "parentActivityIdentifier" : 0
},{
  "timezoneName" : "",
  "messageType" : "Debug",
  "eventType" : "logEvent",
  "source" : null,
  "formatString" : "Sandbox apply: %s[%d] %s",
  "userID" : 0,
  "activityIdentifier" : 0,
  "subsystem" : "",
  "category" : "",
  "threadID" : 20372454,
  "senderImageUUID" : "274C4541-1E1C-3002-9418-7532DA123B8B",
  "backtrace" : {
    "frames" : [
      {
        "imageOffset" : 44236,
        "imageUUID" : "274C4541-1E1C-3002-9418-7532DA123B8B"
      }
    ]
  },
  "bootUUID" : "",
  "processImagePath" : "\/kernel",
  "senderImagePath" : "\/System\/Library\/Extensions\/Sandbox.kext\/Contents\/MacOS\/Sandbox",
  "timestamp" : "2025-12-24 21:06:35.445909-0800",
  "machTimestamp" : 80754205899509,
  "eventMessage" : "Sandbox apply: mdworker_shared[86993] <bytes>",
  "processImageUUID" : "81DAE146-7A58-3A72-839B-E0840E1CC03A",
  "traceID" : 632202006626820,
  "processID" : 0,
  "senderProgramCounter" : 44236,
  "parentActivityIdentifier" : 0
},{
  "timezoneName" : "",
  "messageType" : "Debug",
  "eventType" : "logEvent",
  "source" : null,
  "formatString" : "Sandbox apply: %s[%d] %s",
  "userID" : 0,
  "activityIdentifier" : 0,
  "subsystem" : "",
  "category" : "",
  "threadID" : 20372460,
  "senderImageUUID" : "274C4541-1E1C-3002-9418-7532DA123B8B",
  "backtrace" : {
    "frames" : [
      {
        "imageOffset" : 44236,
        "imageUUID" : "274C4541-1E1C-3002-9418-7532DA123B8B"
      }
    ]
  },
  "bootUUID" : "",
  "processImagePath" : "\/kernel",
  "senderImagePath" : "\/System\/Library\/Extensions\/Sandbox.kext\/Contents\/MacOS\/Sandbox",
  "timestamp" : "2025-12-24 21:06:35.465639-0800",
  "machTimestamp" : 80754206373052,
  "eventMessage" : "Sandbox apply: mdworker_shared[86994] <bytes>",
  "processImageUUID" : "81DAE146-7A58-3A72-839B-E0840E1CC03A",
  "traceID" : 632202006626820,
  "processID" : 0,
  "senderProgramCounter" : 44236,
  "parentActivityIdentifier" : 0
},{
  "timezoneName" : "",
  "messageType" : "Debug",
  "eventType" : "logEvent",
  "source" : null,
  "formatString" : "Sandbox apply: %s[%d] %s",
  "userID" : 0,
  "activityIdentifier" : 0,
  "subsystem" : "",
  "category" : "",
  "threadID" : 20372472,
  "senderImageUUID" : "274C4541-1E1C-3002-9418-7532DA123B8B",
  "backtrace" : {
    "frames" : [
      {
        "imageOffset" : 44236,
        "imageUUID" : "274C4541-1E1C-3002-9418-7532DA123B8B"
      }
    ]
  },
  "bootUUID" : "",
  "processImagePath" : "\/kernel",
  "senderImagePath" : "\/System\/Library\/Extensions\/Sandbox.kext\/Contents\/MacOS\/Sandbox",
  "timestamp" : "2025-12-24 21:06:35.551317-0800",
  "machTimestamp" : 80754208429343,
  "eventMessage" : "Sandbox apply: mdworker_shared[86996] <bytes>",
  "processImageUUID" : "81DAE146-7A58-3A72-839B-E0840E1CC03A",
  "traceID" : 632202006626820,
  "processID" : 0,
  "senderProgramCounter" : 44236,
  "parentActivityIdentifier" : 0
},{
  "timezoneName" : "",
  "messageType" : "Error",
  "eventType" : "logEvent",
  "source" : null,
  "formatString" : "%s",
  "userID" : 0,
  "activityIdentifier" : 0,
  "subsystem" : "",
  "category" : "",
  "threadID" : 20372463,
  "senderImageUUID" : "274C4541-1E1C-3002-9418-7532DA123B8B",
  "backtrace" : {
    "frames" : [
      {
        "imageOffset" : 149364,
        "imageUUID" : "274C4541-1E1C-3002-9418-7532DA123B8B"
      }
    ]
  },
  "bootUUID" : "",
  "processImagePath" : "\/kernel",
  "senderImagePath" : "\/System\/Library\/Extensions\/Sandbox.kext\/Contents\/MacOS\/Sandbox",
  "timestamp" : "2025-12-24 21:06:35.787777-0800",
  "machTimestamp" : 80754214104516,
  "eventMessage" : "1 duplicate report for Sandbox: imagent(768) deny(1) mach-lookup com.apple.contactsd.persistence",
  "processImageUUID" : "81DAE146-7A58-3A72-839B-E0840E1CC03A",
  "traceID" : 639168443584516,
  "processID" : 0,
  "senderProgramCounter" : 149364,
  "parentActivityIdentifier" : 0
},{
  "timezoneName" : "",
  "messageType" : "Error",
  "eventType" : "logEvent",
  "source" : null,
  "formatString" : "%s",
  "userID" : 0,
  "activityIdentifier" : 0,
  "subsystem" : "",
  "category" : "",
  "threadID" : 20372463,
  "senderImageUUID" : "274C4541-1E1C-3002-9418-7532DA123B8B",
  "backtrace" : {
    "frames" : [
      {
        "imageOffset" : 149364,
        "imageUUID" : "274C4541-1E1C-3002-9418-7532DA123B8B"
      }
    ]
  },
  "bootUUID" : "",
  "processImagePath" : "\/kernel",
  "senderImagePath" : "\/System\/Library\/Extensions\/Sandbox.kext\/Contents\/MacOS\/Sandbox",
  "timestamp" : "2025-12-24 21:06:35.787784-0800",
  "machTimestamp" : 80754214104689,
  "eventMessage" : "Sandbox: sandbox_target(86995) deny(1) file-read-data \/Users\/achyland\/Desktop\/VM-BRIDGE\/SANDBOX_LORE\/book\/experiments\/shrink-trace\/out",
  "processImageUUID" : "81DAE146-7A58-3A72-839B-E0840E1CC03A",
  "traceID" : 639168443584516,
  "processID" : 0,
  "senderProgramCounter" : 149364,
  "parentActivityIdentifier" : 0
},{
  "timezoneName" : "",
  "messageType" : "Error",
  "eventType" : "logEvent",
  "source" : null,
  "formatString" : "%s",
  "userID" : 0,
  "activityIdentifier" : 0,
  "subsystem" : "",
  "category" : "",
  "threadID" : 20372463,
  "senderImageUUID" : "274C4541-1E1C-3002-9418-7532DA123B8B",
  "backtrace" : {
    "frames" : [
      {
        "imageOffset" : 149364,
        "imageUUID" : "274C4541-1E1C-3002-9418-7532DA123B8B"
      }
    ]
  },
  "bootUUID" : "",
  "processImagePath" : "\/kernel",
  "senderImagePath" : "\/System\/Library\/Extensions\/Sandbox.kext\/Contents\/MacOS\/Sandbox",
  "timestamp" : "2025-12-24 21:06:35.787893-0800",
  "machTimestamp" : 80754214107306,
  "eventMessage" : "Sandbox: sandbox_target(86995) deny(1) sysctl-read kern.bootargs",
  "processImageUUID" : "81DAE146-7A58-3A72-839B-E0840E1CC03A",
  "traceID" : 639168443584516,
  "processID" : 0,
  "senderProgramCounter" : 149364,
  "parentActivityIdentifier" : 0
},{
  "timezoneName" : "",
  "messageType" : "Error",
  "eventType" : "logEvent",
  "source" : null,
  "formatString" : "%s",
  "userID" : 0,
  "activityIdentifier" : 0,
  "subsystem" : "",
  "category" : "",
  "threadID" : 20372463,
  "senderImageUUID" : "274C4541-1E1C-3002-9418-7532DA123B8B",
  "backtrace" : {
    "frames" : [
      {
        "imageOffset" : 149364,
        "imageUUID" : "274C4541-1E1C-3002-9418-7532DA123B8B"
      }
    ]
  },
  "bootUUID" : "",
  "processImagePath" : "\/kernel",
  "senderImagePath" : "\/System\/Library\/Extensions\/Sandbox.kext\/Contents\/MacOS\/Sandbox",
  "timestamp" : "2025-12-24 21:06:35.788202-0800",
  "machTimestamp" : 80754214114726,
  "eventMessage" : "Sandbox: sandbox_target(86995) deny(1) file-read-data \/Users\/achyland\/Desktop\/VM-BRIDGE\/SANDBOX_LORE\/book\/experiments\/shrink-trace\/out\/sandbox_target",
  "processImageUUID" : "81DAE146-7A58-3A72-839B-E0840E1CC03A",
  "traceID" : 639168443584516,
  "processID" : 0,
  "senderProgramCounter" : 149364,
  "parentActivityIdentifier" : 0
},{
  "timezoneName" : "",
  "messageType" : "Error",
  "eventType" : "logEvent",
  "source" : null,
  "formatString" : "%s",
  "userID" : 0,
  "activityIdentifier" : 0,
  "subsystem" : "",
  "category" : "",
  "threadID" : 20372463,
  "senderImageUUID" : "274C4541-1E1C-3002-9418-7532DA123B8B",
  "backtrace" : {
    "frames" : [
      {
        "imageOffset" : 149364,
        "imageUUID" : "274C4541-1E1C-3002-9418-7532DA123B8B"
      }
    ]
  },
  "bootUUID" : "",
  "processImagePath" : "\/kernel",
  "senderImagePath" : "\/System\/Library\/Extensions\/Sandbox.kext\/Contents\/MacOS\/Sandbox",
  "timestamp" : "2025-12-24 21:06:35.788747-0800",
  "machTimestamp" : 80754214127797,
  "eventMessage" : "Sandbox: sandbox_target(86995) deny(1) file-read-data \/dev\/dtracehelper",
  "processImageUUID" : "81DAE146-7A58-3A72-839B-E0840E1CC03A",
  "traceID" : 639168443584516,
  "processID" : 0,
  "senderProgramCounter" : 149364,
  "parentActivityIdentifier" : 0
},{
  "timezoneName" : "",
  "messageType" : "Error",
  "eventType" : "logEvent",
  "source" : null,
  "formatString" : "%s",
  "userID" : 0,
  "activityIdentifier" : 0,
  "subsystem" : "",
  "category" : "",
  "threadID" : 20372463,
  "senderImageUUID" : "274C4541-1E1C-3002-9418-7532DA123B8B",
  "backtrace" : {
    "frames" : [
      {
        "imageOffset" : 149364,
        "imageUUID" : "274C4541-1E1C-3002-9418-7532DA123B8B"
      }
    ]
  },
  "bootUUID" : "",
  "processImagePath" : "\/kernel",
  "senderImagePath" : "\/System\/Library\/Extensions\/Sandbox.kext\/Contents\/MacOS\/Sandbox",
  "timestamp" : "2025-12-24 21:06:35.789046-0800",
  "machTimestamp" : 80754214134968,
  "eventMessage" : "Sandbox: sandbox_target(86995) deny(1) file-read-data \/Users\/achyland\/Desktop\/VM-BRIDGE\/SANDBOX_LORE\/book\/experiments\/shrink-trace\/out\/sandbox_target",
  "processImageUUID" : "81DAE146-7A58-3A72-839B-E0840E1CC03A",
  "traceID" : 639168443584516,
  "processID" : 0,
  "senderProgramCounter" : 149364,
  "parentActivityIdentifier" : 0
},{
  "timezoneName" : "",
  "messageType" : "Error",
  "eventType" : "logEvent",
  "source" : null,
  "formatString" : "%s",
  "userID" : 0,
  "activityIdentifier" : 0,
  "subsystem" : "",
  "category" : "",
  "threadID" : 20372463,
  "senderImageUUID" : "274C4541-1E1C-3002-9418-7532DA123B8B",
  "backtrace" : {
    "frames" : [
      {
        "imageOffset" : 149364,
        "imageUUID" : "274C4541-1E1C-3002-9418-7532DA123B8B"
      }
    ]
  },
  "bootUUID" : "",
  "processImagePath" : "\/kernel",
  "senderImagePath" : "\/System\/Library\/Extensions\/Sandbox.kext\/Contents\/MacOS\/Sandbox",
  "timestamp" : "2025-12-24 21:06:35.790065-0800",
  "machTimestamp" : 80754214159434,
  "eventMessage" : "Sandbox: sandbox_target(86995) deny(1) network-outbound \/private\/var\/run\/syslog",
  "processImageUUID" : "81DAE146-7A58-3A72-839B-E0840E1CC03A",
  "traceID" : 639168443584516,
  "processID" : 0,
  "senderProgramCounter" : 149364,
  "parentActivityIdentifier" : 0
},{
  "timezoneName" : "",
  "messageType" : "Error",
  "eventType" : "logEvent",
  "source" : null,
  "formatString" : "%s",
  "userID" : 0,
  "activityIdentifier" : 0,
  "subsystem" : "",
  "category" : "",
  "threadID" : 20372463,
  "senderImageUUID" : "274C4541-1E1C-3002-9418-7532DA123B8B",
  "backtrace" : {
    "frames" : [
      {
        "imageOffset" : 149364,
        "imageUUID" : "274C4541-1E1C-3002-9418-7532DA123B8B"
      }
    ]
  },
  "bootUUID" : "",
  "processImagePath" : "\/kernel",
  "senderImagePath" : "\/System\/Library\/Extensions\/Sandbox.kext\/Contents\/MacOS\/Sandbox",
  "timestamp" : "2025-12-24 21:06:35.790523-0800",
  "machTimestamp" : 80754214170437,
  "eventMessage" : "Sandbox: sandbox_target(86995) deny(1) sysctl-read kern.osvariant_status",
  "processImageUUID" : "81DAE146-7A58-3A72-839B-E0840E1CC03A",
  "traceID" : 639168443584516,
  "processID" : 0,
  "senderProgramCounter" : 149364,
  "parentActivityIdentifier" : 0
},{
  "timezoneName" : "",
  "messageType" : "Error",
  "eventType" : "logEvent",
  "source" : null,
  "formatString" : "%s",
  "userID" : 0,
  "activityIdentifier" : 0,
  "subsystem" : "",
  "category" : "",
  "threadID" : 20372463,
  "senderImageUUID" : "274C4541-1E1C-3002-9418-7532DA123B8B",
  "backtrace" : {
    "frames" : [
      {
        "imageOffset" : 149364,
        "imageUUID" : "274C4541-1E1C-3002-9418-7532DA123B8B"
      }
    ]
  },
  "bootUUID" : "",
  "processImagePath" : "\/kernel",
  "senderImagePath" : "\/System\/Library\/Extensions\/Sandbox.kext\/Contents\/MacOS\/Sandbox",
  "timestamp" : "2025-12-24 21:06:35.790566-0800",
  "machTimestamp" : 80754214171459,
  "eventMessage" : "Sandbox: sandbox_target(86995) deny(1) sysctl-read hw.ephemeral_storage",
  "processImageUUID" : "81DAE146-7A58-3A72-839B-E0840E1CC03A",
  "traceID" : 639168443584516,
  "processID" : 0,
  "senderProgramCounter" : 149364,
  "parentActivityIdentifier" : 0
},{
  "timezoneName" : "",
  "messageType" : "Error",
  "eventType" : "logEvent",
  "source" : null,
  "formatString" : "%s",
  "userID" : 0,
  "activityIdentifier" : 0,
  "subsystem" : "",
  "category" : "",
  "threadID" : 20372463,
  "senderImageUUID" : "274C4541-1E1C-3002-9418-7532DA123B8B",
  "backtrace" : {
    "frames" : [
      {
        "imageOffset" : 149364,
        "imageUUID" : "274C4541-1E1C-3002-9418-7532DA123B8B"
      }
    ]
  },
  "bootUUID" : "",
  "processImagePath" : "\/kernel",
  "senderImagePath" : "\/System\/Library\/Extensions\/Sandbox.kext\/Contents\/MacOS\/Sandbox",
  "timestamp" : "2025-12-24 21:06:35.790844-0800",
  "machTimestamp" : 80754214178135,
  "eventMessage" : "Sandbox: sandbox_target(86995) deny(1) file-read-data \/private\/etc\/hosts",
  "processImageUUID" : "81DAE146-7A58-3A72-839B-E0840E1CC03A",
  "traceID" : 639168443584516,
  "processID" : 0,
  "senderProgramCounter" : 149364,
  "parentActivityIdentifier" : 0
},{
  "timezoneName" : "",
  "messageType" : "Error",
  "eventType" : "logEvent",
  "source" : null,
  "formatString" : "%s",
  "userID" : 0,
  "activityIdentifier" : 0,
  "subsystem" : "",
  "category" : "",
  "threadID" : 20372463,
  "senderImageUUID" : "274C4541-1E1C-3002-9418-7532DA123B8B",
  "backtrace" : {
    "frames" : [
      {
        "imageOffset" : 149364,
        "imageUUID" : "274C4541-1E1C-3002-9418-7532DA123B8B"
      }
    ]
  },
  "bootUUID" : "",
  "processImagePath" : "\/kernel",
  "senderImagePath" : "\/System\/Library\/Extensions\/Sandbox.kext\/Contents\/MacOS\/Sandbox",
  "timestamp" : "2025-12-24 21:06:35.791045-0800",
  "machTimestamp" : 80754214182957,
  "eventMessage" : "Sandbox: sandbox_target(86995) deny(1) sysctl-read kern.ostype",
  "processImageUUID" : "81DAE146-7A58-3A72-839B-E0840E1CC03A",
  "traceID" : 639168443584516,
  "processID" : 0,
  "senderProgramCounter" : 149364,
  "parentActivityIdentifier" : 0
},{
  "timezoneName" : "",
  "messageType" : "Error",
  "eventType" : "logEvent",
  "source" : null,
  "formatString" : "%s",
  "userID" : 0,
  "activityIdentifier" : 0,
  "subsystem" : "",
  "category" : "",
  "threadID" : 20371540,
  "senderImageUUID" : "274C4541-1E1C-3002-9418-7532DA123B8B",
  "backtrace" : {
    "frames" : [
      {
        "imageOffset" : 149364,
        "imageUUID" : "274C4541-1E1C-3002-9418-7532DA123B8B"
      }
    ]
  },
  "bootUUID" : "",
  "processImagePath" : "\/kernel",
  "senderImagePath" : "\/System\/Library\/Extensions\/Sandbox.kext\/Contents\/MacOS\/Sandbox",
  "timestamp" : "2025-12-24 21:06:35.791431-0800",
  "machTimestamp" : 80754214192215,
  "eventMessage" : "Sandbox: sandbox_target(86995) deny(1) mach-lookup com.apple.system.notification_center",
  "processImageUUID" : "81DAE146-7A58-3A72-839B-E0840E1CC03A",
  "traceID" : 639168443584516,
  "processID" : 0,
  "senderProgramCounter" : 149364,
  "parentActivityIdentifier" : 0
},{
  "timezoneName" : "",
  "messageType" : "Error",
  "eventType" : "logEvent",
  "source" : null,
  "formatString" : "%s",
  "userID" : 0,
  "activityIdentifier" : 0,
  "subsystem" : "",
  "category" : "",
  "threadID" : 20371540,
  "senderImageUUID" : "274C4541-1E1C-3002-9418-7532DA123B8B",
  "backtrace" : {
    "frames" : [
      {
        "imageOffset" : 149364,
        "imageUUID" : "274C4541-1E1C-3002-9418-7532DA123B8B"
      }
    ]
  },
  "bootUUID" : "",
  "processImagePath" : "\/kernel",
  "senderImagePath" : "\/System\/Library\/Extensions\/Sandbox.kext\/Contents\/MacOS\/Sandbox",
  "timestamp" : "2025-12-24 21:06:35.791636-0800",
  "machTimestamp" : 80754214197128,
  "eventMessage" : "Sandbox: sandbox_target(86995) deny(1) mach-lookup com.apple.system.opendirectoryd.libinfo",
  "processImageUUID" : "81DAE146-7A58-3A72-839B-E0840E1CC03A",
  "traceID" : 639168443584516,
  "processID" : 0,
  "senderProgramCounter" : 149364,
  "parentActivityIdentifier" : 0
},{
  "timezoneName" : "",
  "messageType" : "Error",
  "eventType" : "logEvent",
  "source" : null,
  "formatString" : "%s",
  "userID" : 0,
  "activityIdentifier" : 0,
  "subsystem" : "",
  "category" : "",
  "threadID" : 20372463,
  "senderImageUUID" : "274C4541-1E1C-3002-9418-7532DA123B8B",
  "backtrace" : {
    "frames" : [
      {
        "imageOffset" : 149364,
        "imageUUID" : "274C4541-1E1C-3002-9418-7532DA123B8B"
      }
    ]
  },
  "bootUUID" : "",
  "processImagePath" : "\/kernel",
  "senderImagePath" : "\/System\/Library\/Extensions\/Sandbox.kext\/Contents\/MacOS\/Sandbox",
  "timestamp" : "2025-12-24 21:06:35.791758-0800",
  "machTimestamp" : 80754214200073,
  "eventMessage" : "Sandbox: sandbox_target(86995) deny(1) file-read-data \/private\/etc\/passwd",
  "processImageUUID" : "81DAE146-7A58-3A72-839B-E0840E1CC03A",
  "traceID" : 639168443584516,
  "processID" : 0,
  "senderProgramCounter" : 149364,
  "parentActivityIdentifier" : 0
},{
  "timezoneName" : "",
  "messageType" : "Error",
  "eventType" : "logEvent",
  "source" : null,
  "formatString" : "%s",
  "userID" : 0,
  "activityIdentifier" : 0,
  "subsystem" : "",
  "category" : "",
  "threadID" : 20372463,
  "senderImageUUID" : "274C4541-1E1C-3002-9418-7532DA123B8B",
  "backtrace" : {
    "frames" : [
      {
        "imageOffset" : 149364,
        "imageUUID" : "274C4541-1E1C-3002-9418-7532DA123B8B"
      }
    ]
  },
  "bootUUID" : "",
  "processImagePath" : "\/kernel",
  "senderImagePath" : "\/System\/Library\/Extensions\/Sandbox.kext\/Contents\/MacOS\/Sandbox",
  "timestamp" : "2025-12-24 21:06:35.791875-0800",
  "machTimestamp" : 80754214202871,
  "eventMessage" : "Sandbox: sandbox_target(86995) deny(1) file-write-create \/Users\/achyland\/Desktop\/VM-BRIDGE\/SANDBOX_LORE\/book\/experiments\/shrink-trace\/out\/out",
  "processImageUUID" : "81DAE146-7A58-3A72-839B-E0840E1CC03A",
  "traceID" : 639168443584516,
  "processID" : 0,
  "senderProgramCounter" : 149364,
  "parentActivityIdentifier" : 0
},{
  "timezoneName" : "",
  "messageType" : "Error",
  "eventType" : "logEvent",
  "source" : null,
  "formatString" : "%s",
  "userID" : 0,
  "activityIdentifier" : 0,
  "subsystem" : "",
  "category" : "",
  "threadID" : 20372463,
  "senderImageUUID" : "274C4541-1E1C-3002-9418-7532DA123B8B",
  "backtrace" : {
    "frames" : [
      {
        "imageOffset" : 149364,
        "imageUUID" : "274C4541-1E1C-3002-9418-7532DA123B8B"
      }
    ]
  },
  "bootUUID" : "",
  "processImagePath" : "\/kernel",
  "senderImagePath" : "\/System\/Library\/Extensions\/Sandbox.kext\/Contents\/MacOS\/Sandbox",
  "timestamp" : "2025-12-24 21:06:35.792048-0800",
  "machTimestamp" : 80754214207015,
  "eventMessage" : "Sandbox: sandbox_target(86995) deny(1) network-outbound remote:*:2000",
  "processImageUUID" : "81DAE146-7A58-3A72-839B-E0840E1CC03A",
  "traceID" : 639168443584516,
  "processID" : 0,
  "senderProgramCounter" : 149364,
  "parentActivityIdentifier" : 0
},{
  "timezoneName" : "",
  "messageType" : "Debug",
  "eventType" : "logEvent",
  "source" : null,
  "formatString" : "Sandbox apply: %s[%d] %s",
  "userID" : 0,
  "activityIdentifier" : 0,
  "subsystem" : "",
  "category" : "",
  "threadID" : 20372486,
  "senderImageUUID" : "274C4541-1E1C-3002-9418-7532DA123B8B",
  "backtrace" : {
    "frames" : [
      {
        "imageOffset" : 44236,
        "imageUUID" : "274C4541-1E1C-3002-9418-7532DA123B8B"
      }
    ]
  },
  "bootUUID" : "",
  "processImagePath" : "\/kernel",
  "senderImagePath" : "\/System\/Library\/Extensions\/Sandbox.kext\/Contents\/MacOS\/Sandbox",
  "timestamp" : "2025-12-24 21:06:35.939279-0800",
  "machTimestamp" : 80754217740652,
  "eventMessage" : "Sandbox apply: mdworker_shared[86998] <bytes>",
  "processImageUUID" : "81DAE146-7A58-3A72-839B-E0840E1CC03A",
  "traceID" : 632202006626820,
  "processID" : 0,
  "senderProgramCounter" : 44236,
  "parentActivityIdentifier" : 0
},{
  "timezoneName" : "",
  "messageType" : "Error",
  "eventType" : "logEvent",
  "source" : null,
  "formatString" : "%s",
  "userID" : 0,
  "activityIdentifier" : 0,
  "subsystem" : "",
  "category" : "",
  "threadID" : 20371540,
  "senderImageUUID" : "274C4541-1E1C-3002-9418-7532DA123B8B",
  "backtrace" : {
    "frames" : [
      {
        "imageOffset" : 149364,
        "imageUUID" : "274C4541-1E1C-3002-9418-7532DA123B8B"
      }
    ]
  },
  "bootUUID" : "",
  "processImagePath" : "\/kernel",
  "senderImagePath" : "\/System\/Library\/Extensions\/Sandbox.kext\/Contents\/MacOS\/Sandbox",
  "timestamp" : "2025-12-24 21:06:36.060328-0800",
  "machTimestamp" : 80754220645876,
  "eventMessage" : "Sandbox: searchpartyuseragent(1223) deny(1) mach-lookup com.apple.contactsd.persistence",
  "processImageUUID" : "81DAE146-7A58-3A72-839B-E0840E1CC03A",
  "traceID" : 639168443584516,
  "processID" : 0,
  "senderProgramCounter" : 149364,
  "parentActivityIdentifier" : 0
},{
  "timezoneName" : "",
  "messageType" : "Error",
  "eventType" : "logEvent",
  "source" : null,
  "formatString" : "%s",
  "userID" : 0,
  "activityIdentifier" : 0,
  "subsystem" : "",
  "category" : "",
  "threadID" : 20366791,
  "senderImageUUID" : "274C4541-1E1C-3002-9418-7532DA123B8B",
  "backtrace" : {
    "frames" : [
      {
        "imageOffset" : 149364,
        "imageUUID" : "274C4541-1E1C-3002-9418-7532DA123B8B"
      }
    ]
  },
  "bootUUID" : "",
  "processImagePath" : "\/kernel",
  "senderImagePath" : "\/System\/Library\/Extensions\/Sandbox.kext\/Contents\/MacOS\/Sandbox",
  "timestamp" : "2025-12-24 21:06:38.048561-0800",
  "machTimestamp" : 80754268364490,
  "eventMessage" : "1 duplicate report for Sandbox: searchpartyuseragent(1223) deny(1) mach-lookup com.apple.contactsd.persistence",
  "processImageUUID" : "81DAE146-7A58-3A72-839B-E0840E1CC03A",
  "traceID" : 639168443584516,
  "processID" : 0,
  "senderProgramCounter" : 149364,
  "parentActivityIdentifier" : 0
},{
  "timezoneName" : "",
  "messageType" : "Error",
  "eventType" : "logEvent",
  "source" : null,
  "formatString" : "%s",
  "userID" : 0,
  "activityIdentifier" : 0,
  "subsystem" : "",
  "category" : "",
  "threadID" : 20366791,
  "senderImageUUID" : "274C4541-1E1C-3002-9418-7532DA123B8B",
  "backtrace" : {
    "frames" : [
      {
        "imageOffset" : 149364,
        "imageUUID" : "274C4541-1E1C-3002-9418-7532DA123B8B"
      }
    ]
  },
  "bootUUID" : "",
  "processImagePath" : "\/kernel",
  "senderImagePath" : "\/System\/Library\/Extensions\/Sandbox.kext\/Contents\/MacOS\/Sandbox",
  "timestamp" : "2025-12-24 21:06:38.048583-0800",
  "machTimestamp" : 80754268365055,
  "eventMessage" : "Sandbox: Family(85509) deny(1) mach-lookup com.apple.contactsd.persistence",
  "processImageUUID" : "81DAE146-7A58-3A72-839B-E0840E1CC03A",
  "traceID" : 639168443584516,
  "processID" : 0,
  "senderProgramCounter" : 149364,
  "parentActivityIdentifier" : 0
},{
  "timezoneName" : "",
  "messageType" : "Error",
  "eventType" : "logEvent",
  "source" : null,
  "formatString" : "%s",
  "userID" : 0,
  "activityIdentifier" : 0,
  "subsystem" : "",
  "category" : "",
  "threadID" : 20371540,
  "senderImageUUID" : "274C4541-1E1C-3002-9418-7532DA123B8B",
  "backtrace" : {
    "frames" : [
      {
        "imageOffset" : 149364,
        "imageUUID" : "274C4541-1E1C-3002-9418-7532DA123B8B"
      }
    ]
  },
  "bootUUID" : "",
  "processImagePath" : "\/kernel",
  "senderImagePath" : "\/System\/Library\/Extensions\/Sandbox.kext\/Contents\/MacOS\/Sandbox",
  "timestamp" : "2025-12-24 21:06:38.101791-0800",
  "machTimestamp" : 80754269642049,
  "eventMessage" : "1 duplicate report for Sandbox: Family(85509) deny(1) mach-lookup com.apple.contactsd.persistence",
  "processImageUUID" : "81DAE146-7A58-3A72-839B-E0840E1CC03A",
  "traceID" : 639168443584516,
  "processID" : 0,
  "senderProgramCounter" : 149364,
  "parentActivityIdentifier" : 0
},{
  "timezoneName" : "",
  "messageType" : "Error",
  "eventType" : "logEvent",
  "source" : null,
  "formatString" : "%s",
  "userID" : 0,
  "activityIdentifier" : 0,
  "subsystem" : "",
  "category" : "",
  "threadID" : 20371540,
  "senderImageUUID" : "274C4541-1E1C-3002-9418-7532DA123B8B",
  "backtrace" : {
    "frames" : [
      {
        "imageOffset" : 149364,
        "imageUUID" : "274C4541-1E1C-3002-9418-7532DA123B8B"
      }
    ]
  },
  "bootUUID" : "",
  "processImagePath" : "\/kernel",
  "senderImagePath" : "\/System\/Library\/Extensions\/Sandbox.kext\/Contents\/MacOS\/Sandbox",
  "timestamp" : "2025-12-24 21:06:38.101908-0800",
  "machTimestamp" : 80754269644856,
  "eventMessage" : "Sandbox: imagent(768) deny(1) mach-lookup com.apple.contactsd.persistence",
  "processImageUUID" : "81DAE146-7A58-3A72-839B-E0840E1CC03A",
  "traceID" : 639168443584516,
  "processID" : 0,
  "senderProgramCounter" : 149364,
  "parentActivityIdentifier" : 0
},{
  "timezoneName" : "",
  "messageType" : "Error",
  "eventType" : "logEvent",
  "source" : null,
  "formatString" : "%s",
  "userID" : 0,
  "activityIdentifier" : 0,
  "subsystem" : "",
  "category" : "",
  "threadID" : 20371540,
  "senderImageUUID" : "274C4541-1E1C-3002-9418-7532DA123B8B",
  "backtrace" : {
    "frames" : [
      {
        "imageOffset" : 149364,
        "imageUUID" : "274C4541-1E1C-3002-9418-7532DA123B8B"
      }
    ]
  },
  "bootUUID" : "",
  "processImagePath" : "\/kernel",
  "senderImagePath" : "\/System\/Library\/Extensions\/Sandbox.kext\/Contents\/MacOS\/Sandbox",
  "timestamp" : "2025-12-24 21:06:39.164003-0800",
  "machTimestamp" : 80754295135682,
  "eventMessage" : "1 duplicate report for Sandbox: imagent(768) deny(1) mach-lookup com.apple.contactsd.persistence",
  "processImageUUID" : "81DAE146-7A58-3A72-839B-E0840E1CC03A",
  "traceID" : 639168443584516,
  "processID" : 0,
  "senderProgramCounter" : 149364,
  "parentActivityIdentifier" : 0
},{
  "timezoneName" : "",
  "messageType" : "Error",
  "eventType" : "logEvent",
  "source" : null,
  "formatString" : "%s",
  "userID" : 0,
  "activityIdentifier" : 0,
  "subsystem" : "",
  "category" : "",
  "threadID" : 20371540,
  "senderImageUUID" : "274C4541-1E1C-3002-9418-7532DA123B8B",
  "backtrace" : {
    "frames" : [
      {
        "imageOffset" : 149364,
        "imageUUID" : "274C4541-1E1C-3002-9418-7532DA123B8B"
      }
    ]
  },
  "bootUUID" : "",
  "processImagePath" : "\/kernel",
  "senderImagePath" : "\/System\/Library\/Extensions\/Sandbox.kext\/Contents\/MacOS\/Sandbox",
  "timestamp" : "2025-12-24 21:06:39.164019-0800",
  "machTimestamp" : 80754295136078,
  "eventMessage" : "Sandbox: searchpartyuseragent(1223) deny(1) mach-lookup com.apple.contactsd.persistence",
  "processImageUUID" : "81DAE146-7A58-3A72-839B-E0840E1CC03A",
  "traceID" : 639168443584516,
  "processID" : 0,
  "senderProgramCounter" : 149364,
  "parentActivityIdentifier" : 0
}